{"D:\\Practice\\AviaTickets\\src\\js\\app.js": {"path":"D:\\Practice\\AviaTickets\\src\\js\\app.js","statementMap":{"0":{"start":{"line":8,"column":0},"end":{"line":41,"column":3}},"1":{"start":{"line":9,"column":15},"end":{"line":9,"column":26}},"2":{"start":{"line":12,"column":2},"end":{"line":12,"column":12}},"3":{"start":{"line":13,"column":2},"end":{"line":16,"column":5}},"4":{"start":{"line":14,"column":4},"end":{"line":14,"column":23}},"5":{"start":{"line":15,"column":4},"end":{"line":15,"column":19}},"6":{"start":{"line":20,"column":4},"end":{"line":20,"column":27}},"7":{"start":{"line":21,"column":4},"end":{"line":21,"column":54}},"8":{"start":{"line":25,"column":19},"end":{"line":25,"column":65}},"9":{"start":{"line":26,"column":24},"end":{"line":26,"column":75}},"10":{"start":{"line":27,"column":24},"end":{"line":27,"column":46}},"11":{"start":{"line":28,"column":24},"end":{"line":28,"column":46}},"12":{"start":{"line":29,"column":21},"end":{"line":29,"column":44}},"13":{"start":{"line":31,"column":4},"end":{"line":37,"column":7}},"14":{"start":{"line":39,"column":4},"end":{"line":39,"column":49}}},"fnMap":{"0":{"name":"(anonymous_0)","decl":{"start":{"line":8,"column":46},"end":{"line":8,"column":47}},"loc":{"start":{"line":8,"column":51},"end":{"line":41,"column":1}},"line":8},"1":{"name":"(anonymous_1)","decl":{"start":{"line":13,"column":34},"end":{"line":13,"column":35}},"loc":{"start":{"line":13,"column":39},"end":{"line":16,"column":3}},"line":13},"2":{"name":"initApp","decl":{"start":{"line":19,"column":17},"end":{"line":19,"column":24}},"loc":{"start":{"line":19,"column":27},"end":{"line":22,"column":3}},"line":19},"3":{"name":"onFormSubmit","decl":{"start":{"line":24,"column":17},"end":{"line":24,"column":29}},"loc":{"start":{"line":24,"column":32},"end":{"line":40,"column":3}},"line":24}},"branchMap":{},"s":{"0":0,"1":0,"2":0,"3":0,"4":0,"5":0,"6":0,"7":0,"8":0,"9":0,"10":0,"11":0,"12":0,"13":0,"14":0},"f":{"0":0,"1":0,"2":0,"3":0},"b":{}}
,"D:\\Practice\\AviaTickets\\src\\js\\config\\apiConfig.js": {"path":"D:\\Practice\\AviaTickets\\src\\js\\config\\apiConfig.js","statementMap":{"0":{"start":{"line":1,"column":15},"end":{"line":3,"column":1}}},"fnMap":{},"branchMap":{},"s":{"0":0},"f":{},"b":{}}
,"D:\\Practice\\AviaTickets\\src\\js\\helpers\\date.js": {"path":"D:\\Practice\\AviaTickets\\src\\js\\helpers\\date.js","statementMap":{"0":{"start":{"line":13,"column":17},"end":{"line":13,"column":30}},"1":{"start":{"line":14,"column":4},"end":{"line":14,"column":29}}},"fnMap":{"0":{"name":"formatDate","decl":{"start":{"line":12,"column":16},"end":{"line":12,"column":26}},"loc":{"start":{"line":12,"column":38},"end":{"line":15,"column":1}},"line":12}},"branchMap":{},"s":{"0":1,"1":1},"f":{"0":1},"b":{},"_coverageSchema":"1a1c01bbd47fc00a2c39e90264f33305004495a9","hash":"a8e725518dd46c8d68a4cc9945a1806ce94410da"}
,"D:\\Practice\\AviaTickets\\src\\js\\plugins\\index.js": {"path":"D:\\Practice\\AviaTickets\\src\\js\\plugins\\index.js","statementMap":{},"fnMap":{},"branchMap":{},"s":{},"f":{},"b":{}}
,"D:\\Practice\\AviaTickets\\src\\js\\plugins\\materialize.js": {"path":"D:\\Practice\\AviaTickets\\src\\js\\plugins\\materialize.js","statementMap":{"0":{"start":{"line":5,"column":15},"end":{"line":5,"column":50}},"1":{"start":{"line":6,"column":0},"end":{"line":6,"column":26}},"2":{"start":{"line":9,"column":2},"end":{"line":9,"column":40}},"3":{"start":{"line":13,"column":21},"end":{"line":13,"column":63}},"4":{"start":{"line":14,"column":0},"end":{"line":20,"column":3}},"5":{"start":{"line":23,"column":2},"end":{"line":23,"column":42}},"6":{"start":{"line":27,"column":20},"end":{"line":27,"column":60}},"7":{"start":{"line":28,"column":0},"end":{"line":31,"column":3}},"8":{"start":{"line":34,"column":2},"end":{"line":34,"column":40}}},"fnMap":{"0":{"name":"getSelectInstance","decl":{"start":{"line":8,"column":16},"end":{"line":8,"column":33}},"loc":{"start":{"line":8,"column":40},"end":{"line":10,"column":1}},"line":8},"1":{"name":"getAutocompleteInstance","decl":{"start":{"line":22,"column":16},"end":{"line":22,"column":39}},"loc":{"start":{"line":22,"column":46},"end":{"line":24,"column":1}},"line":22},"2":{"name":"getDatePickerInstance","decl":{"start":{"line":33,"column":16},"end":{"line":33,"column":37}},"loc":{"start":{"line":33,"column":44},"end":{"line":35,"column":1}},"line":33}},"branchMap":{},"s":{"0":0,"1":0,"2":0,"3":0,"4":0,"5":0,"6":0,"7":0,"8":0},"f":{"0":0,"1":0,"2":0},"b":{}}
,"D:\\Practice\\AviaTickets\\src\\js\\services\\apiService.js": {"path":"D:\\Practice\\AviaTickets\\src\\js\\services\\apiService.js","statementMap":{"0":{"start":{"line":11,"column":4},"end":{"line":11,"column":26}},"1":{"start":{"line":14,"column":4},"end":{"line":20,"column":5}},"2":{"start":{"line":15,"column":23},"end":{"line":15,"column":63}},"3":{"start":{"line":16,"column":6},"end":{"line":16,"column":27}},"4":{"start":{"line":18,"column":6},"end":{"line":18,"column":23}},"5":{"start":{"line":19,"column":6},"end":{"line":19,"column":33}},"6":{"start":{"line":23,"column":4},"end":{"line":29,"column":5}},"7":{"start":{"line":24,"column":23},"end":{"line":24,"column":60}},"8":{"start":{"line":25,"column":6},"end":{"line":25,"column":27}},"9":{"start":{"line":27,"column":6},"end":{"line":27,"column":23}},"10":{"start":{"line":28,"column":6},"end":{"line":28,"column":33}},"11":{"start":{"line":32,"column":4},"end":{"line":38,"column":5}},"12":{"start":{"line":33,"column":23},"end":{"line":33,"column":62}},"13":{"start":{"line":34,"column":6},"end":{"line":34,"column":27}},"14":{"start":{"line":36,"column":6},"end":{"line":36,"column":23}},"15":{"start":{"line":37,"column":6},"end":{"line":37,"column":33}},"16":{"start":{"line":43,"column":4},"end":{"line":51,"column":5}},"17":{"start":{"line":44,"column":23},"end":{"line":46,"column":8}},"18":{"start":{"line":47,"column":6},"end":{"line":47,"column":27}},"19":{"start":{"line":49,"column":6},"end":{"line":49,"column":23}},"20":{"start":{"line":50,"column":6},"end":{"line":50,"column":33}},"21":{"start":{"line":55,"column":12},"end":{"line":55,"column":27}}},"fnMap":{"0":{"name":"(anonymous_0)","decl":{"start":{"line":10,"column":2},"end":{"line":10,"column":3}},"loc":{"start":{"line":10,"column":22},"end":{"line":12,"column":3}},"line":10},"1":{"name":"(anonymous_1)","decl":{"start":{"line":13,"column":2},"end":{"line":13,"column":3}},"loc":{"start":{"line":13,"column":20},"end":{"line":21,"column":3}},"line":13},"2":{"name":"(anonymous_2)","decl":{"start":{"line":22,"column":2},"end":{"line":22,"column":3}},"loc":{"start":{"line":22,"column":17},"end":{"line":30,"column":3}},"line":22},"3":{"name":"(anonymous_3)","decl":{"start":{"line":31,"column":2},"end":{"line":31,"column":3}},"loc":{"start":{"line":31,"column":19},"end":{"line":39,"column":3}},"line":31},"4":{"name":"(anonymous_4)","decl":{"start":{"line":42,"column":2},"end":{"line":42,"column":3}},"loc":{"start":{"line":42,"column":23},"end":{"line":52,"column":3}},"line":42}},"branchMap":{},"s":{"0":0,"1":0,"2":0,"3":0,"4":0,"5":0,"6":0,"7":0,"8":0,"9":0,"10":0,"11":0,"12":0,"13":0,"14":0,"15":0,"16":0,"17":0,"18":0,"19":0,"20":0,"21":0},"f":{"0":0,"1":0,"2":0,"3":0,"4":0},"b":{}}
,"D:\\Practice\\AviaTickets\\src\\js\\store\\locations.js": {"path":"D:\\Practice\\AviaTickets\\src\\js\\store\\locations.js","statementMap":{"0":{"start":{"line":7,"column":4},"end":{"line":7,"column":19}},"1":{"start":{"line":8,"column":4},"end":{"line":8,"column":26}},"2":{"start":{"line":9,"column":4},"end":{"line":9,"column":23}},"3":{"start":{"line":10,"column":4},"end":{"line":10,"column":26}},"4":{"start":{"line":11,"column":4},"end":{"line":11,"column":25}},"5":{"start":{"line":12,"column":4},"end":{"line":12,"column":23}},"6":{"start":{"line":13,"column":4},"end":{"line":13,"column":41}},"7":{"start":{"line":16,"column":21},"end":{"line":20,"column":6}},"8":{"start":{"line":22,"column":42},"end":{"line":22,"column":50}},"9":{"start":{"line":23,"column":4},"end":{"line":23,"column":56}},"10":{"start":{"line":24,"column":4},"end":{"line":24,"column":47}},"11":{"start":{"line":25,"column":4},"end":{"line":25,"column":59}},"12":{"start":{"line":27,"column":4},"end":{"line":27,"column":53}},"13":{"start":{"line":29,"column":4},"end":{"line":29,"column":20}},"14":{"start":{"line":33,"column":17},"end":{"line":35,"column":5}},"15":{"start":{"line":34,"column":14},"end":{"line":34,"column":36}},"16":{"start":{"line":36,"column":4},"end":{"line":36,"column":21}},"17":{"start":{"line":40,"column":4},"end":{"line":40,"column":34}},"18":{"start":{"line":44,"column":4},"end":{"line":47,"column":11}},"19":{"start":{"line":45,"column":6},"end":{"line":45,"column":33}},"20":{"start":{"line":46,"column":6},"end":{"line":46,"column":17}},"21":{"start":{"line":50,"column":4},"end":{"line":56,"column":10}},"22":{"start":{"line":51,"column":6},"end":{"line":51,"column":62}},"23":{"start":{"line":52,"column":6},"end":{"line":52,"column":54}},"24":{"start":{"line":54,"column":6},"end":{"line":54,"column":26}},"25":{"start":{"line":55,"column":6},"end":{"line":55,"column":16}},"26":{"start":{"line":59,"column":4},"end":{"line":62,"column":11}},"27":{"start":{"line":60,"column":6},"end":{"line":60,"column":34}},"28":{"start":{"line":61,"column":6},"end":{"line":61,"column":17}},"29":{"start":{"line":66,"column":4},"end":{"line":76,"column":11}},"30":{"start":{"line":67,"column":27},"end":{"line":67,"column":65}},"31":{"start":{"line":68,"column":6},"end":{"line":68,"column":56}},"32":{"start":{"line":69,"column":24},"end":{"line":69,"column":54}},"33":{"start":{"line":70,"column":6},"end":{"line":74,"column":8}},"34":{"start":{"line":75,"column":6},"end":{"line":75,"column":17}},"35":{"start":{"line":80,"column":4},"end":{"line":80,"column":62}},"36":{"start":{"line":83,"column":4},"end":{"line":83,"column":62}},"37":{"start":{"line":87,"column":21},"end":{"line":87,"column":50}},"38":{"start":{"line":88,"column":4},"end":{"line":88,"column":59}},"39":{"start":{"line":93,"column":4},"end":{"line":103,"column":6}},"40":{"start":{"line":94,"column":6},"end":{"line":102,"column":7}},"41":{"start":{"line":107,"column":18},"end":{"line":109,"column":2}}},"fnMap":{"0":{"name":"(anonymous_0)","decl":{"start":{"line":6,"column":2},"end":{"line":6,"column":3}},"loc":{"start":{"line":6,"column":28},"end":{"line":14,"column":3}},"line":6},"1":{"name":"(anonymous_1)","decl":{"start":{"line":15,"column":2},"end":{"line":15,"column":3}},"loc":{"start":{"line":15,"column":15},"end":{"line":30,"column":3}},"line":15},"2":{"name":"(anonymous_2)","decl":{"start":{"line":32,"column":2},"end":{"line":32,"column":3}},"loc":{"start":{"line":32,"column":24},"end":{"line":37,"column":3}},"line":32},"3":{"name":"(anonymous_3)","decl":{"start":{"line":34,"column":6},"end":{"line":34,"column":7}},"loc":{"start":{"line":34,"column":14},"end":{"line":34,"column":36}},"line":34},"4":{"name":"(anonymous_4)","decl":{"start":{"line":39,"column":2},"end":{"line":39,"column":3}},"loc":{"start":{"line":39,"column":26},"end":{"line":41,"column":3}},"line":39},"5":{"name":"(anonymous_5)","decl":{"start":{"line":43,"column":2},"end":{"line":43,"column":3}},"loc":{"start":{"line":43,"column":28},"end":{"line":48,"column":3}},"line":43},"6":{"name":"(anonymous_6)","decl":{"start":{"line":44,"column":41},"end":{"line":44,"column":42}},"loc":{"start":{"line":44,"column":60},"end":{"line":47,"column":5}},"line":44},"7":{"name":"(anonymous_7)","decl":{"start":{"line":49,"column":2},"end":{"line":49,"column":3}},"loc":{"start":{"line":49,"column":30},"end":{"line":57,"column":3}},"line":49},"8":{"name":"(anonymous_8)","decl":{"start":{"line":50,"column":27},"end":{"line":50,"column":28}},"loc":{"start":{"line":50,"column":41},"end":{"line":56,"column":5}},"line":50},"9":{"name":"(anonymous_9)","decl":{"start":{"line":58,"column":2},"end":{"line":58,"column":3}},"loc":{"start":{"line":58,"column":32},"end":{"line":63,"column":3}},"line":58},"10":{"name":"(anonymous_10)","decl":{"start":{"line":59,"column":28},"end":{"line":59,"column":29}},"loc":{"start":{"line":59,"column":46},"end":{"line":62,"column":5}},"line":59},"11":{"name":"(anonymous_11)","decl":{"start":{"line":65,"column":2},"end":{"line":65,"column":3}},"loc":{"start":{"line":65,"column":26},"end":{"line":77,"column":3}},"line":65},"12":{"name":"(anonymous_12)","decl":{"start":{"line":66,"column":25},"end":{"line":66,"column":26}},"loc":{"start":{"line":66,"column":40},"end":{"line":76,"column":5}},"line":66},"13":{"name":"(anonymous_13)","decl":{"start":{"line":79,"column":2},"end":{"line":79,"column":3}},"loc":{"start":{"line":79,"column":29},"end":{"line":81,"column":3}},"line":79},"14":{"name":"(anonymous_14)","decl":{"start":{"line":82,"column":2},"end":{"line":82,"column":3}},"loc":{"start":{"line":82,"column":29},"end":{"line":84,"column":3}},"line":82},"15":{"name":"(anonymous_15)","decl":{"start":{"line":86,"column":2},"end":{"line":86,"column":3}},"loc":{"start":{"line":86,"column":29},"end":{"line":90,"column":3}},"line":86},"16":{"name":"(anonymous_16)","decl":{"start":{"line":92,"column":2},"end":{"line":92,"column":3}},"loc":{"start":{"line":92,"column":28},"end":{"line":104,"column":3}},"line":92},"17":{"name":"(anonymous_17)","decl":{"start":{"line":93,"column":38},"end":{"line":93,"column":39}},"loc":{"start":{"line":93,"column":50},"end":{"line":103,"column":5}},"line":93}},"branchMap":{"0":{"loc":{"start":{"line":52,"column":17},"end":{"line":52,"column":53}},"type":"binary-expr","locations":[{"start":{"line":52,"column":17},"end":{"line":52,"column":25}},{"start":{"line":52,"column":29},"end":{"line":52,"column":53}}],"line":52},"1":{"loc":{"start":{"line":68,"column":18},"end":{"line":68,"column":56}},"type":"binary-expr","locations":[{"start":{"line":68,"column":18},"end":{"line":68,"column":27}},{"start":{"line":68,"column":31},"end":{"line":68,"column":56}}],"line":68},"2":{"loc":{"start":{"line":80,"column":11},"end":{"line":80,"column":62}},"type":"cond-expr","locations":[{"start":{"line":80,"column":33},"end":{"line":80,"column":57}},{"start":{"line":80,"column":60},"end":{"line":80,"column":62}}],"line":80},"3":{"loc":{"start":{"line":83,"column":11},"end":{"line":83,"column":62}},"type":"cond-expr","locations":[{"start":{"line":83,"column":33},"end":{"line":83,"column":57}},{"start":{"line":83,"column":60},"end":{"line":83,"column":62}}],"line":83}},"s":{"0":0,"1":0,"2":0,"3":0,"4":0,"5":0,"6":0,"7":0,"8":0,"9":0,"10":0,"11":0,"12":0,"13":0,"14":0,"15":0,"16":0,"17":0,"18":0,"19":0,"20":0,"21":0,"22":0,"23":0,"24":0,"25":0,"26":0,"27":0,"28":0,"29":0,"30":0,"31":0,"32":0,"33":0,"34":0,"35":0,"36":0,"37":0,"38":0,"39":0,"40":0,"41":0},"f":{"0":0,"1":0,"2":0,"3":0,"4":0,"5":0,"6":0,"7":0,"8":0,"9":0,"10":0,"11":0,"12":0,"13":0,"14":0,"15":0,"16":0,"17":0},"b":{"0":[0,0],"1":[0,0],"2":[0,0],"3":[0,0]}}
,"D:\\Practice\\AviaTickets\\src\\js\\views\\currency.js": {"path":"D:\\Practice\\AviaTickets\\src\\js\\views\\currency.js","statementMap":{"0":{"start":{"line":3,"column":4},"end":{"line":3,"column":56}},"1":{"start":{"line":4,"column":4},"end":{"line":7,"column":5}},"2":{"start":{"line":11,"column":4},"end":{"line":11,"column":31}},"3":{"start":{"line":15,"column":4},"end":{"line":15,"column":45}},"4":{"start":{"line":19,"column":19},"end":{"line":19,"column":35}}},"fnMap":{"0":{"name":"(anonymous_0)","decl":{"start":{"line":2,"column":2},"end":{"line":2,"column":3}},"loc":{"start":{"line":2,"column":16},"end":{"line":8,"column":3}},"line":2},"1":{"name":"(anonymous_1)","decl":{"start":{"line":10,"column":2},"end":{"line":10,"column":3}},"loc":{"start":{"line":10,"column":21},"end":{"line":12,"column":3}},"line":10},"2":{"name":"(anonymous_2)","decl":{"start":{"line":14,"column":2},"end":{"line":14,"column":3}},"loc":{"start":{"line":14,"column":22},"end":{"line":16,"column":3}},"line":14}},"branchMap":{},"s":{"0":0,"1":0,"2":0,"3":0,"4":0},"f":{"0":0,"1":0,"2":0},"b":{}}
,"D:\\Practice\\AviaTickets\\src\\js\\views\\form.js": {"path":"D:\\Practice\\AviaTickets\\src\\js\\views\\form.js","statementMap":{"0":{"start":{"line":8,"column":4},"end":{"line":8,"column":52}},"1":{"start":{"line":9,"column":4},"end":{"line":9,"column":65}},"2":{"start":{"line":10,"column":4},"end":{"line":10,"column":64}},"3":{"start":{"line":11,"column":4},"end":{"line":11,"column":75}},"4":{"start":{"line":12,"column":4},"end":{"line":12,"column":74}},"5":{"start":{"line":13,"column":4},"end":{"line":15,"column":6}},"6":{"start":{"line":16,"column":4},"end":{"line":18,"column":6}},"7":{"start":{"line":22,"column":4},"end":{"line":22,"column":22}},"8":{"start":{"line":26,"column":4},"end":{"line":26,"column":29}},"9":{"start":{"line":30,"column":4},"end":{"line":30,"column":34}},"10":{"start":{"line":34,"column":4},"end":{"line":34,"column":34}},"11":{"start":{"line":38,"column":4},"end":{"line":38,"column":34}},"12":{"start":{"line":42,"column":4},"end":{"line":42,"column":45}},"13":{"start":{"line":43,"column":4},"end":{"line":43,"column":50}},"14":{"start":{"line":47,"column":15},"end":{"line":47,"column":73}}},"fnMap":{"0":{"name":"(anonymous_0)","decl":{"start":{"line":7,"column":2},"end":{"line":7,"column":3}},"loc":{"start":{"line":7,"column":56},"end":{"line":19,"column":3}},"line":7},"1":{"name":"(anonymous_1)","decl":{"start":{"line":21,"column":2},"end":{"line":21,"column":3}},"loc":{"start":{"line":21,"column":13},"end":{"line":23,"column":3}},"line":21},"2":{"name":"(anonymous_2)","decl":{"start":{"line":25,"column":2},"end":{"line":25,"column":3}},"loc":{"start":{"line":25,"column":20},"end":{"line":27,"column":3}},"line":25},"3":{"name":"(anonymous_3)","decl":{"start":{"line":29,"column":2},"end":{"line":29,"column":3}},"loc":{"start":{"line":29,"column":25},"end":{"line":31,"column":3}},"line":29},"4":{"name":"(anonymous_4)","decl":{"start":{"line":33,"column":2},"end":{"line":33,"column":3}},"loc":{"start":{"line":33,"column":24},"end":{"line":35,"column":3}},"line":33},"5":{"name":"(anonymous_5)","decl":{"start":{"line":37,"column":2},"end":{"line":37,"column":3}},"loc":{"start":{"line":37,"column":24},"end":{"line":39,"column":3}},"line":37},"6":{"name":"(anonymous_6)","decl":{"start":{"line":41,"column":2},"end":{"line":41,"column":3}},"loc":{"start":{"line":41,"column":28},"end":{"line":44,"column":3}},"line":41}},"branchMap":{},"s":{"0":0,"1":0,"2":0,"3":0,"4":0,"5":0,"6":0,"7":0,"8":0,"9":0,"10":0,"11":0,"12":0,"13":0,"14":0},"f":{"0":0,"1":0,"2":0,"3":0,"4":0,"5":0,"6":0},"b":{}}
,"D:\\Practice\\AviaTickets\\src\\js\\views\\tickets.js": {"path":"D:\\Practice\\AviaTickets\\src\\js\\views\\tickets.js","statementMap":{"0":{"start":{"line":5,"column":8},"end":{"line":5,"column":74}},"1":{"start":{"line":6,"column":8},"end":{"line":6,"column":75}},"2":{"start":{"line":10,"column":8},"end":{"line":10,"column":30}},"3":{"start":{"line":12,"column":8},"end":{"line":15,"column":9}},"4":{"start":{"line":13,"column":12},"end":{"line":13,"column":32}},"5":{"start":{"line":14,"column":12},"end":{"line":14,"column":18}},"6":{"start":{"line":17,"column":23},"end":{"line":17,"column":26}},"7":{"start":{"line":18,"column":25},"end":{"line":18,"column":49}},"8":{"start":{"line":20,"column":8},"end":{"line":23,"column":11}},"9":{"start":{"line":21,"column":29},"end":{"line":21,"column":71}},"10":{"start":{"line":22,"column":12},"end":{"line":22,"column":33}},"11":{"start":{"line":25,"column":8},"end":{"line":25,"column":66}},"12":{"start":{"line":29,"column":8},"end":{"line":29,"column":38}},"13":{"start":{"line":33,"column":25},"end":{"line":33,"column":53}},"14":{"start":{"line":34,"column":8},"end":{"line":34,"column":65}},"15":{"start":{"line":38,"column":8},"end":{"line":40,"column":13}},"16":{"start":{"line":44,"column":8},"end":{"line":74,"column":13}},"17":{"start":{"line":78,"column":18},"end":{"line":78,"column":43}}},"fnMap":{"0":{"name":"(anonymous_0)","decl":{"start":{"line":4,"column":4},"end":{"line":4,"column":5}},"loc":{"start":{"line":4,"column":26},"end":{"line":7,"column":5}},"line":4},"1":{"name":"(anonymous_1)","decl":{"start":{"line":9,"column":4},"end":{"line":9,"column":5}},"loc":{"start":{"line":9,"column":27},"end":{"line":26,"column":5}},"line":9},"2":{"name":"(anonymous_2)","decl":{"start":{"line":20,"column":24},"end":{"line":20,"column":25}},"loc":{"start":{"line":20,"column":34},"end":{"line":23,"column":9}},"line":20},"3":{"name":"(anonymous_3)","decl":{"start":{"line":28,"column":4},"end":{"line":28,"column":5}},"loc":{"start":{"line":28,"column":21},"end":{"line":30,"column":5}},"line":28},"4":{"name":"(anonymous_4)","decl":{"start":{"line":32,"column":4},"end":{"line":32,"column":5}},"loc":{"start":{"line":32,"column":19},"end":{"line":35,"column":5}},"line":32},"5":{"name":"(anonymous_5)","decl":{"start":{"line":37,"column":4},"end":{"line":37,"column":5}},"loc":{"start":{"line":37,"column":30},"end":{"line":41,"column":5}},"line":37},"6":{"name":"(anonymous_6)","decl":{"start":{"line":43,"column":4},"end":{"line":43,"column":5}},"loc":{"start":{"line":43,"column":44},"end":{"line":75,"column":5}},"line":43}},"branchMap":{"0":{"loc":{"start":{"line":12,"column":8},"end":{"line":15,"column":9}},"type":"if","locations":[{"start":{"line":12,"column":8},"end":{"line":15,"column":9}},{"start":{"line":12,"column":8},"end":{"line":15,"column":9}}],"line":12}},"s":{"0":0,"1":0,"2":0,"3":0,"4":0,"5":0,"6":0,"7":0,"8":0,"9":0,"10":0,"11":0,"12":0,"13":0,"14":0,"15":0,"16":0,"17":0},"f":{"0":0,"1":0,"2":0,"3":0,"4":0,"5":0,"6":0},"b":{"0":[0,0]}}
}
